2025-03-29 14:46:31 EET LOG:  database system was shut down at 2025-03-29 14:46:20 EET
2025-03-29 14:51:31 EET LOG:  checkpoint starting: time
2025-03-29 14:51:36 EET LOG:  checkpoint complete: wrote 48 buffers (0.3%); 0 WAL file(s) added, 0 removed, 0 recycled; write=4.863 s, sync=0.025 s, total=4.905 s; sync files=11, longest=0.003 s, average=0.003 s; distance=287 kB, estimate=287 kB; lsn=0/15B0ED0, redo lsn=0/15B0E78
2025-03-29 15:53:22 EET FATAL:  password authentication failed for user "PenguiN"
2025-03-29 15:53:22 EET DETAIL:  Role "PenguiN" does not exist.
	Connection matched file "C:/Program Files/PostgreSQL/17/data/pg_hba.conf" line 117: "host    all             all             ::1/128                 scram-sha-256"
2025-03-29 15:53:22 EET FATAL:  password authentication failed for user "PenguiN"
2025-03-29 15:53:22 EET DETAIL:  Role "PenguiN" does not exist.
	Connection matched file "C:/Program Files/PostgreSQL/17/data/pg_hba.conf" line 117: "host    all             all             ::1/128                 scram-sha-256"
2025-03-29 15:53:23 EET FATAL:  password authentication failed for user "PenguiN"
2025-03-29 15:53:23 EET DETAIL:  Role "PenguiN" does not exist.
	Connection matched file "C:/Program Files/PostgreSQL/17/data/pg_hba.conf" line 117: "host    all             all             ::1/128                 scram-sha-256"
2025-03-29 15:53:33 EET FATAL:  password authentication failed for user "postgre"
2025-03-29 15:53:33 EET DETAIL:  Role "postgre" does not exist.
	Connection matched file "C:/Program Files/PostgreSQL/17/data/pg_hba.conf" line 117: "host    all             all             ::1/128                 scram-sha-256"
2025-03-29 15:53:34 EET FATAL:  password authentication failed for user "postgre"
2025-03-29 15:53:34 EET DETAIL:  Role "postgre" does not exist.
	Connection matched file "C:/Program Files/PostgreSQL/17/data/pg_hba.conf" line 117: "host    all             all             ::1/128                 scram-sha-256"
2025-03-29 15:53:34 EET FATAL:  password authentication failed for user "postgre"
2025-03-29 15:53:34 EET DETAIL:  Role "postgre" does not exist.
	Connection matched file "C:/Program Files/PostgreSQL/17/data/pg_hba.conf" line 117: "host    all             all             ::1/128                 scram-sha-256"
2025-03-29 15:53:45 EET FATAL:  password authentication failed for user "postgre"
2025-03-29 15:53:45 EET DETAIL:  Role "postgre" does not exist.
	Connection matched file "C:/Program Files/PostgreSQL/17/data/pg_hba.conf" line 117: "host    all             all             ::1/128                 scram-sha-256"
2025-03-29 15:53:45 EET FATAL:  password authentication failed for user "postgre"
2025-03-29 15:53:45 EET DETAIL:  Role "postgre" does not exist.
	Connection matched file "C:/Program Files/PostgreSQL/17/data/pg_hba.conf" line 117: "host    all             all             ::1/128                 scram-sha-256"
2025-03-29 15:53:46 EET FATAL:  password authentication failed for user "postgre"
2025-03-29 15:53:46 EET DETAIL:  Role "postgre" does not exist.
	Connection matched file "C:/Program Files/PostgreSQL/17/data/pg_hba.conf" line 117: "host    all             all             ::1/128                 scram-sha-256"
2025-03-29 15:57:31 EET ERROR:  canceling statement due to user request
2025-03-29 15:57:31 EET LOG:  shutting down
2025-03-29 15:57:31 EET LOG:  checkpoint starting: shutdown immediate
2025-03-29 15:57:31 EET LOG:  checkpoint complete: wrote 0 buffers (0.0%); 0 WAL file(s) added, 0 removed, 0 recycled; write=0.001 s, sync=0.001 s, total=0.026 s; sync files=0, longest=0.000 s, average=0.000 s; distance=0 kB, estimate=259 kB; lsn=0/15B0F80, redo lsn=0/15B0F80
